Removed Pin From Net: NetName=NetJ?_1 Pin=J?-1
Removed Pin From Net: NetName=NetJ?_2 Pin=J?-2
Removed Pin From Net: NetName=NetJ?_3 Pin=J?-3
Removed Pin From Net: NetName=NetJ?_4 Pin=J?-4
Removed Pin From Net: NetName=NetJ?_5 Pin=J?-5
Removed Pin From Net: NetName=NetJ?_6 Pin=J?-6
Removed Pin From Net: NetName=NetJ?_7 Pin=J?-7
Removed Pin From Net: NetName=NetJ?_8 Pin=J?-8
Removed Pin From Net: NetName=NetJ?_9 Pin=J?-9
Removed Pin From Net: NetName=NetJ?_10 Pin=J?-10
Removed Pin From Net: NetName=NetJ?_11 Pin=J?-11
Removed Member From Class: ClassName=NixieSocket Member=J?
Change Component Designator: OldDesignator=NX? NewDesignator=NX1
Change Component Designator: OldDesignator=R? NewDesignator=R1
Added Component: Designator=J1(Header 2.54mm 6x2 - Male)
Added Pin To Net: NetName=NetJ?_1 Pin=J1-1
Added Pin To Net: NetName=NetJ?_2 Pin=J1-2
Added Pin To Net: NetName=NetJ?_3 Pin=J1-3
Added Pin To Net: NetName=NetJ?_4 Pin=J1-4
Added Pin To Net: NetName=NetJ?_5 Pin=J1-5
Added Pin To Net: NetName=NetJ?_6 Pin=J1-6
Added Pin To Net: NetName=NetJ?_7 Pin=J1-7
Added Pin To Net: NetName=NetJ?_8 Pin=J1-8
Added Pin To Net: NetName=NetJ?_9 Pin=J1-9
Added Pin To Net: NetName=NetJ?_10 Pin=J1-10
Added Pin To Net: NetName=NetJ?_11 Pin=J1-11
Change Net Name : Old Net Name=NetJ?_1 New Net Name=NetJ1_1
Change Net Name : Old Net Name=NetJ?_2 New Net Name=NetJ1_2
Change Net Name : Old Net Name=NetJ?_3 New Net Name=NetJ1_3
Change Net Name : Old Net Name=NetJ?_4 New Net Name=NetJ1_4
Change Net Name : Old Net Name=NetJ?_5 New Net Name=NetJ1_5
Change Net Name : Old Net Name=NetJ?_6 New Net Name=NetJ1_6
Change Net Name : Old Net Name=NetJ?_7 New Net Name=NetJ1_7
Change Net Name : Old Net Name=NetJ?_8 New Net Name=NetJ1_8
Change Net Name : Old Net Name=NetJ?_9 New Net Name=NetJ1_9
Change Net Name : Old Net Name=NetJ?_10 New Net Name=NetJ1_10
Change Net Name : Old Net Name=NetJ?_11 New Net Name=NetJ1_11
Change Net Name : Old Net Name=NetNX?_1 New Net Name=NetNX1_1
Added Member To Class: ClassName=NixieSocket Member=Component J1 2213S-12G
